0 info it worked if it ends with ok
1 verbose cli [ 'C:\\Program Files\\nodejs\\node.exe',
1 verbose cli   'C:\\Program Files\\nodejs\\node_modules\\npm\\bin\\npm-cli.js',
1 verbose cli   'run',
1 verbose cli   'tsc:w' ]
2 info using npm@3.8.3
3 info using node@v5.10.1
4 verbose run-script [ 'pretsc:w', 'tsc:w', 'posttsc:w' ]
5 info lifecycle angular.test@1.0.0~pretsc:w: angular.test@1.0.0
6 silly lifecycle angular.test@1.0.0~pretsc:w: no script for pretsc:w, continuing
7 info lifecycle angular.test@1.0.0~tsc:w: angular.test@1.0.0
8 verbose lifecycle angular.test@1.0.0~tsc:w: unsafe-perm in lifecycle true
9 verbose lifecycle angular.test@1.0.0~tsc:w: PATH: C:\Program Files\nodejs\node_modules\npm\bin\node-gyp-bin;c:\Users\Ilya\Documents\U-Coach.UI\node_modules\.bin;C:\Program Files\nodejs;C:\Program Files\nodejs\node_modules\npm\bin\node-gyp-bin;c:\Users\Ilya\Documents\U-Coach.UI\node_modules\.bin;C:\Program Files\nodejs;C:\WINDOWS\system32;C:\WINDOWS;C:\WINDOWS\System32\Wbem;C:\WINDOWS\System32\WindowsPowerShell\v1.0\;C:\Program Files (x86)\Windows Kits\8.1\Windows Performance Toolkit\;C:\Program Files\Microsoft SQL Server\110\Tools\Binn\;C:\Program Files (x86)\Microsoft SDKs\TypeScript\1.0\;C:\Program Files\Microsoft SQL Server\120\Tools\Binn\;C:\Program Files\Microsoft SQL Server\Client SDK\ODBC\110\Tools\Binn\;C:\Program Files (x86)\Microsoft SQL Server\120\Tools\Binn\;C:\Program Files\Microsoft SQL Server\120\DTS\Binn\;C:\Program Files (x86)\Microsoft SQL Server\120\Tools\Binn\ManagementStudio\;C:\Program Files (x86)\Microsoft SQL Server\120\DTS\Binn\;C:\Program Files\Microsoft\Web Platform Installer\;C:\Program Files (x86)\Skype\Phone\;C:\Program Files (x86)\GtkSharp\2.12\bin;C:\Program Files\dotnet\bin;C:\Program Files\nodejs\;C:\Program Files\Git\cmd;C:\Users\Ilya\.dnx\runtimes\dnx-clr-win-x86.1.0.0-rc1-update1\bin;C:\Users\Ilya\.dnx\bin;C:\Users\Ilya\AppData\Roaming\npm;C:\Program Files (x86)\Microsoft VS Code\bin;C:\Program Files\nuget
10 verbose lifecycle angular.test@1.0.0~tsc:w: CWD: c:\Users\Ilya\Documents\U-Coach.UI
11 silly lifecycle angular.test@1.0.0~tsc:w: Args: [ '/d /s /c', 'tsc -w' ]
12 silly lifecycle angular.test@1.0.0~tsc:w: Returned: code: 1  signal: null
13 info lifecycle angular.test@1.0.0~tsc:w: Failed to exec tsc:w script
14 verbose stack Error: angular.test@1.0.0 tsc:w: `tsc -w`
14 verbose stack Exit status 1
14 verbose stack     at EventEmitter.<anonymous> (C:\Program Files\nodejs\node_modules\npm\lib\utils\lifecycle.js:239:16)
14 verbose stack     at emitTwo (events.js:100:13)
14 verbose stack     at EventEmitter.emit (events.js:185:7)
14 verbose stack     at ChildProcess.<anonymous> (C:\Program Files\nodejs\node_modules\npm\lib\utils\spawn.js:24:14)
14 verbose stack     at emitTwo (events.js:100:13)
14 verbose stack     at ChildProcess.emit (events.js:185:7)
14 verbose stack     at maybeClose (internal/child_process.js:850:16)
14 verbose stack     at Process.ChildProcess._handle.onexit (internal/child_process.js:215:5)
15 verbose pkgid angular.test@1.0.0
16 verbose cwd c:\Users\Ilya\Documents\U-Coach.UI
17 error Windows_NT 10.0.10586
18 error argv "C:\\Program Files\\nodejs\\node.exe" "C:\\Program Files\\nodejs\\node_modules\\npm\\bin\\npm-cli.js" "run" "tsc:w"
19 error node v5.10.1
20 error npm  v3.8.3
21 error code ELIFECYCLE
22 error angular.test@1.0.0 tsc:w: `tsc -w`
22 error Exit status 1
23 error Failed at the angular.test@1.0.0 tsc:w script 'tsc -w'.
23 error Make sure you have the latest version of node.js and npm installed.
23 error If you do, this is most likely a problem with the angular.test package,
23 error not with npm itself.
23 error Tell the author that this fails on your system:
23 error     tsc -w
23 error You can get information on how to open an issue for this project with:
23 error     npm bugs angular.test
23 error Or if that isn't available, you can get their info via:
23 error     npm owner ls angular.test
23 error There is likely additional logging output above.
24 verbose exit [ 1, true ]
